# JRE version: OpenJDK Runtime Environment (23.0.2+7) (build 23.0.2+7-58)
# Java VM: OpenJDK 64-Bit Server VM (23.0.2+7-58, mixed mode, sharing, tiered, compressed oops, compressed class ptrs, g1 gc, windows-amd64)
GC Precious Log:
 CardTable entry size: 512
 Card Set container configuration: InlinePtr #cards 5 size 8 Array Of Cards #cards 10 size 36 Howl #buckets 4 coarsen threshold 1843 Howl Bitmap #cards 512 size 80 coarsen threshold 460 Card regions per heap region 1 cards per card region 2048
 CPUs: 12 total, 12 available
 Memory: 7853M
 Large Page Support: Disabled
 NUMA Support: Disabled
 Compressed Oops: Enabled (32-bit)
 Heap Region Size: 1M
 Heap Min Capacity: 8M
 Heap Initial Capacity: 124M
 Heap Max Capacity: 1964M
 Pre-touch: Disabled
 Parallel Workers: 10
 Concurrent Workers: 3
 Concurrent Refinement Workers: 10
 Periodic GC: Disabled
Heap:
 garbage-first heap   total reserved 2011136K, committed 126976K, used 73216K [0x0000000085400000, 0x0000000100000000)
  region size 1024K, 30 young (30720K), 5 survivors (5120K)
 Metaspace       used 18330K, committed 18624K, reserved 1114112K
  class space    used 2162K, committed 2304K, reserved 1048576K
GC Heap History (8 events):
Event: 0.479 GC heap before
{Heap before GC invocations=0 (full 0):
 garbage-first heap   total reserved 2011136K, committed 126976K, used 24576K [0x0000000085400000, 0x0000000100000000)
  region size 1024K, 24 young (24576K), 0 survivors (0K)
 Metaspace       used 6292K, committed 6464K, reserved 1114112K
  class space    used 765K, committed 832K, reserved 1048576K
}
Event: 0.484 GC heap after
{Heap after GC invocations=1 (full 0):
 garbage-first heap   total reserved 2011136K, committed 126976K, used 3912K [0x0000000085400000, 0x0000000100000000)
  region size 1024K, 3 young (3072K), 3 survivors (3072K)
 Metaspace       used 6292K, committed 6464K, reserved 1114112K
  class space    used 765K, committed 832K, reserved 1048576K
}
Event: 0.723 GC heap before
{Heap before GC invocations=1 (full 0):
 garbage-first heap   total reserved 2011136K, committed 126976K, used 27464K [0x0000000085400000, 0x0000000100000000)
  region size 1024K, 26 young (26624K), 3 survivors (3072K)
 Metaspace       used 8673K, committed 8768K, reserved 1114112K
  class space    used 1050K, committed 1088K, reserved 1048576K
}
Event: 0.728 GC heap after
{Heap after GC invocations=2 (full 0):
 garbage-first heap   total reserved 2011136K, committed 126976K, used 4866K [0x0000000085400000, 0x0000000100000000)
  region size 1024K, 1 young (1024K), 1 survivors (1024K)
 Metaspace       used 8673K, committed 8768K, reserved 1114112K
  class space    used 1050K, committed 1088K, reserved 1048576K
}
Event: 1.450 GC heap before
{Heap before GC invocations=2 (full 0):
 garbage-first heap   total reserved 2011136K, committed 126976K, used 62210K [0x0000000085400000, 0x0000000100000000)
  region size 1024K, 58 young (59392K), 1 survivors (1024K)
 Metaspace       used 15980K, committed 16256K, reserved 1114112K
  class space    used 1952K, committed 2112K, reserved 1048576K
}
Event: 1.461 GC heap after
{Heap after GC invocations=3 (full 0):
 garbage-first heap   total reserved 2011136K, committed 126976K, used 11522K [0x0000000085400000, 0x0000000100000000)
  region size 1024K, 8 young (8192K), 8 survivors (8192K)
 Metaspace       used 15980K, committed 16256K, reserved 1114112K
  class space    used 1952K, committed 2112K, reserved 1048576K
}
Event: 1.944 GC heap before
{Heap before GC invocations=3 (full 0):
 garbage-first heap   total reserved 2011136K, committed 126976K, used 69890K [0x0000000085400000, 0x0000000100000000)
  region size 1024K, 65 young (66560K), 8 survivors (8192K)
 Metaspace       used 16955K, committed 17280K, reserved 1114112K
  class space    used 2013K, committed 2176K, reserved 1048576K
}
Event: 1.959 GC heap after
{Heap after GC invocations=4 (full 0):
 garbage-first heap   total reserved 2011136K, committed 126976K, used 15872K [0x0000000085400000, 0x0000000100000000)
  region size 1024K, 5 young (5120K), 5 survivors (5120K)
 Metaspace       used 16955K, committed 17280K, reserved 1114112K
  class space    used 2013K, committed 2176K, reserved 1048576K
}

